ISim log file
Running: E:\Xilinx\projects\Clock\count_to_60_isim_beh.exe -intstyle ise -gui -tclbatch isim.cmd -wdb E:/Xilinx/projects/Clock/count_to_60_isim_beh.wdb 
ISim P.20131013 (signature 0x7708f090)
WARNING: A WEBPACK license was found.
WARNING: Please use Xilinx License Configuration Manager to check out a full ISim license.
WARNING: ISim will run in Lite mode. Please refer to the ISim documentation for more information on the differences between the Lite and the Full version.
This is a Lite version of ISim.
Time resolution is 1 ps
# onerror resume
# wave add /
# run 1000 ns
Simulator is doing circuit initialization process.
Finished circuit initialization process.
# restart
# isim force add /count_to_60/clk 1 -radix bin -value 0 -radix bin -time 500 fs -repeat 1 ps
# isim force add /count_to_60/clk 1 -radix bin -value 0 -radix bin -time 500 fs -repeat 1 ps
# isim force add /count_to_60/reset 1 -radix bin -value 0 -radix bin -time 2 ps -repeat 100 ps
# run 120ps
Simulator is doing circuit initialization process.
Finished circuit initialization process.
ISim P.20131013 (signature 0x7708f090)
WARNING: A WEBPACK license was found.
WARNING: Please use Xilinx License Configuration Manager to check out a full ISim license.
WARNING: ISim will run in Lite mode. Please refer to the ISim documentation for more information on the differences between the Lite and the Full version.
This is a Lite version of ISim.
# run 1000 ns
Simulator is doing circuit initialization process.
Finished circuit initialization process.
# restart
# isim force add /count_to_60/clk 1 -radix bin -value 0 -radix bin -time 500 fs -repeat 1 ps
# isim force add /count_to_60/clk 1 -radix bin -value 0 -radix bin -time 500 fs -repeat 1 ps
# isim force add /count_to_60/reset 1 -radix bin -value 0 -radix bin -time 2 ps -repeat 100 ps
# isim force add /count_to_60/reset 1 -radix bin -value 0 -radix bin -time 2 ps -repeat 100 ps
# run 120ps
Simulator is doing circuit initialization process.
Finished circuit initialization process.
ISim P.20131013 (signature 0x7708f090)
WARNING: A WEBPACK license was found.
WARNING: Please use Xilinx License Configuration Manager to check out a full ISim license.
WARNING: ISim will run in Lite mode. Please refer to the ISim documentation for more information on the differences between the Lite and the Full version.
This is a Lite version of ISim.
# run 1000 ns
Simulator is doing circuit initialization process.
Finished circuit initialization process.
# restart
# isim force add /count_to_60/clk 1 -radix bin -value 0 -radix bin -time 500 fs -repeat 1 ps
# isim force add /count_to_60/clk 1 -radix bin -value 0 -radix bin -time 500 fs -repeat 1 ps
# isim force add /count_to_60/reset 1 -radix bin -value 0 -radix bin -time 2 ps -repeat 100 ps
# isim force add /count_to_60/reset 1 -radix bin -value 0 -radix bin -time 2 ps -repeat 100 ps
# run 120ps
Simulator is doing circuit initialization process.
Finished circuit initialization process.
