Command line:
   count_to_12_isim_beh.exe
     -simmode  gui
     -simrunnum  0
     -socket  51157

Tue Sep 13 11:23:54 2022


 Elaboration Time: 0.09375 sec

 Current Memory Usage: 5805.16 Meg

 Total Signals          : 15
 Total Nets             : 20
 Total Signal Drivers   : 7
 Total Blocks           : 2
 Total Primitive Blocks : 2
 Total Processes        : 9
 Total Traceable Variables  : 20
 Total Scalar Nets and Variables : 105
Total Line Count : 20
Total Line Count : 20

 Total Simulation Time: 0.1875 sec

 Current Memory Usage: 5805.16 Meg

Tue Sep 13 11:24:42 2022

